============================================================
  Generated by:           Genus(TM) Synthesis Solution 20.11-s111_1
  Generated on:           Dec 26 2023  12:06:23 pm
  Module:                 washing_machine_ctrl
  Operating conditions:   _nominal_ (balanced_tree)
  Wireload mode:          enclosed
  Area mode:              timing library
============================================================


Path 1: MET (19155 ps) Late External Delay Assertion at pin coin_rtn
          Group: clk
     Startpoint: (R) cancel
          Clock: (R) clk
       Endpoint: (R) coin_rtn
          Clock: (R) clk

                     Capture       Launch     
        Clock Edge:+   20000            0     
        Drv Adjust:+       0            0     
       Src Latency:+       0            0     
       Net Latency:+       0 (I)        0 (I) 
           Arrival:=   20000            0     
                                              
      Output Delay:-     300                  
       Uncertainty:-     200                  
     Required Time:=   19500                  
      Launch Clock:-       0                  
       Input Delay:-     300                  
         Data Path:-      45                  
             Slack:=   19155                  

Exceptions/Constraints:
  input_delay              300             constraints_wmc.sdc_line_34 
  output_delay             300             constraints_wmc.sdc_line_43 

#----------------------------------------------------------------------------------------
# Timing Point   Flags    Arc   Edge   Cell     Fanout Load Trans Delay Arrival Instance 
#                                                      (fF)  (ps)  (ps)   (ps)  Location 
#----------------------------------------------------------------------------------------
  cancel         -       -      R     (arrival)      3  7.8     0     0     300    (-,-) 
  g1022__8428/Q  -       IN2->Q R     AND2X1         1  0.0    24    45     345    (-,-) 
  coin_rtn       <<<     -      R     (port)         -    -     -     0     345    (-,-) 
#----------------------------------------------------------------------------------------

